<?xml version="1.0" encoding="UTF-8"?>
<!-- Generated by org.testng.reporters.JUnitReportReporter -->
<testsuite hostname="ADMIN" failures="0" tests="4" name="testcases.ValidateLogin" time="51.623" errors="0" timestamp="2022-12-20T22:06:11 IST" skipped="0">
  <testcase classname="testcases.ValidateLogin" name="validateLoginTest" time="15.029"/>
  <system-out/>
  <testcase classname="testcases.ValidateLogin" name="validateLoginTest" time="11.675"/>
  <system-out/>
  <testcase classname="testcases.ValidateLogin" name="validateLoginTest" time="12.244"/>
  <system-out/>
  <testcase classname="testcases.ValidateLogin" name="validateLoginTest" time="12.675"/>
  <system-out/>
</testsuite> <!-- testcases.ValidateLogin -->
